Checking sync
Checking sync_notify
Checking sync_options
Checking sync_scanner
Checking sync_utils
Checking currencies
Checking currencies_app
Checking currencies_sup
Checking sync
Checking sync_notify
Checking sync_options
Checking sync_scanner
Checking sync_utils
Checking currencies
Checking currencies_app
Checking currencies_sup
/home/oleksiika/Work/Privatbank/currencies/src/currencies.erl
/home/oleksiika/Work/Privatbank/currencies/src/currencies_app.erl
/home/oleksiika/Work/Privatbank/currencies/src/currencies_app.erl
Checking api_v1_get_currencies
/home/oleksiika/Work/Privatbank/currencies/src/cowboy/v1/api_v1_get_currencies.erl
/home/oleksiika/Work/Privatbank/currencies/src/cowboy/v1/api_v1_get_currencies.erl
/home/oleksiika/Work/Privatbank/currencies/src/cowboy/v1/api_v1_get_currencies.erl
Checking cowboy
Checking cowboy_app
Checking cowboy_bstr
Checking cowboy_children
Checking cowboy_clear
Checking cowboy_clock
Checking cowboy_compress_h
Checking cowboy_constraints
Checking cowboy_handler
Checking cowboy_http
Checking cowboy_http2
Checking cowboy_loop
Checking cowboy_metrics_h
Checking cowboy_middleware
Checking cowboy_req
Checking cowboy_rest
Checking cowboy_router
Checking cowboy_static
Checking cowboy_stream
Checking cowboy_stream_h
Checking cowboy_sub_protocol
Checking cowboy_sup
Checking cowboy_tls
Checking cowboy_tracer_h
Checking cowboy_websocket
/home/oleksiika/Work/Privatbank/currencies/src/cowboy/v1/api_v1_get_currencies.erl
/home/oleksiika/Work/Privatbank/currencies/src/cowboy/v1/api_v1_get_currencies.erl
Checking sync
Checking sync_notify
Checking sync_options
Checking sync_scanner
Checking sync_utils
Checking api_v1_get_currencies
Checking currencies
Checking currencies_app
Checking currencies_sup
/home/oleksiika/Work/Privatbank/currencies/src/cowboy/v1/api_v1_get_currencies.erl
Checking sync
Checking sync_notify
Checking sync_options
Checking sync_scanner
Checking sync_utils
Checking api_v1_get_currencies
Checking currencies
Checking currencies_app
Checking currencies_sup
/home/oleksiika/Work/Privatbank/currencies/src/currencies_app.erl
Checking sync
Checking sync_notify
Checking sync_options
Checking sync_scanner
Checking sync_utils
Checking api_v1_get_currencies
Checking currencies
Checking currencies_app
Checking currencies_sup
/home/oleksiika/Work/Privatbank/currencies/src/currencies_app.erl
Checking sync
Checking sync_notify
Checking sync_options
Checking sync_scanner
Checking sync_utils
Checking api_v1_get_currencies
Checking currencies
Checking currencies_app
Checking currencies_sup
Checking sync
Checking sync_notify
Checking sync_options
Checking sync_scanner
Checking sync_utils
Checking api_v1_get_currencies
Checking currencies
Checking currencies_app
Checking currencies_sup
/home/oleksiika/Work/Privatbank/currencies/src/currencies.erl
Checking sync
Checking sync_notify
Checking sync_options
Checking sync_scanner
Checking sync_utils
Checking api_v1_get_currencies
Checking currencies
Checking currencies_app
Checking currencies_sup
/home/oleksiika/Work/Privatbank/currencies/src/currencies.erl
Checking sync
Checking sync_notify
Checking sync_options
Checking sync_scanner
Checking sync_utils
Checking api_v1_get_currencies
Checking currencies
Checking currencies_app
Checking currencies_sup
/home/oleksiika/Work/Privatbank/currencies/src/currencies.erl
Checking sync
Checking sync_notify
Checking sync_options
Checking sync_scanner
Checking sync_utils
Checking api_v1_get_currencies
Checking currencies
Checking currencies_app
Checking currencies_sup
/home/oleksiika/Work/Privatbank/currencies/src/currencies.erl
/home/oleksiika/Work/Privatbank/currencies/src/currencies.erl
Checking sync
Checking sync_notify
Checking sync_options
Checking sync_scanner
Checking sync_utils
Checking api_v1_get_currencies
Checking currencies
Checking currencies_app
Checking currencies_sup
/home/oleksiika/Work/Privatbank/currencies/src/currencies.erl
Checking sync
Checking sync_notify
Checking sync_options
Checking sync_scanner
Checking sync_utils
Checking api_v1_get_currencies
Checking currencies
Checking currencies_app
Checking currencies_sup
Checking sync
Checking sync_notify
Checking sync_options
Checking sync_scanner
Checking sync_utils
Checking api_v1_get_currencies
Checking currencies
Checking currencies_app
Checking currencies_sup
Checking sync
Checking sync_notify
Checking sync_options
Checking sync_scanner
Checking sync_utils
Checking api_v1_get_currencies
Checking currencies
Checking currencies_app
Checking currencies_sup
/home/oleksiika/Work/Privatbank/currencies/src/currencies.erl
Checking sync
Checking sync_notify
Checking sync_options
Checking sync_scanner
Checking sync_utils
Checking api_v1_get_currencies
Checking currencies
Checking currencies_app
Checking currencies_sup
/home/oleksiika/Work/Privatbank/currencies/src/currencies.erl
Checking sync
Checking sync_notify
Checking sync_options
Checking sync_scanner
Checking sync_utils
Checking api_v1_get_currencies
Checking currencies
Checking currencies_app
Checking currencies_sup
/home/oleksiika/Work/Privatbank/currencies/src/currencies.erl
Checking sync
Checking sync_notify
Checking sync_options
Checking sync_scanner
Checking sync_utils
Checking api_v1_get_currencies
Checking currencies
Checking currencies_app
Checking currencies_sup
/home/oleksiika/Work/Privatbank/currencies/src/currencies.erl
Checking cowboy
Checking cowboy_app
Checking cowboy_bstr
Checking cowboy_children
Checking cowboy_clear
Checking cowboy_clock
Checking cowboy_compress_h
Checking cowboy_constraints
Checking cowboy_handler
Checking cowboy_http
Checking cowboy_http2
Checking cowboy_loop
Checking cowboy_metrics_h
Checking cowboy_middleware
Checking cowboy_req
Checking cowboy_rest
Checking cowboy_router
Checking cowboy_static
Checking cowboy_stream
Checking cowboy_stream_h
Checking cowboy_sub_protocol
Checking cowboy_sup
Checking cowboy_tls
Checking cowboy_tracer_h
Checking cowboy_websocket
Checking ranch
Checking ranch_acceptor
Checking ranch_acceptors_sup
Checking ranch_app
Checking ranch_conns_sup
Checking ranch_crc32c
Checking ranch_listener_sup
Checking ranch_protocol
Checking ranch_proxy_header
Checking ranch_server
Checking ranch_ssl
Checking ranch_sup
Checking ranch_tcp
Checking ranch_transport
Checking sync
Checking sync_notify
Checking sync_options
Checking sync_scanner
Checking sync_utils
Checking api_v1_get_currencies
Checking currencies
Checking currencies_app
Checking currencies_sup
/home/oleksiika/Work/Privatbank/currencies/src/currencies.erl
Checking cowboy
Checking cowboy_app
Checking cowboy_bstr
Checking cowboy_children
Checking cowboy_clear
Checking cowboy_clock
Checking cowboy_compress_h
Checking cowboy_constraints
Checking cowboy_handler
Checking cowboy_http
Checking cowboy_http2
Checking cowboy_loop
Checking cowboy_metrics_h
Checking cowboy_middleware
Checking cowboy_req
Checking cowboy_rest
Checking cowboy_router
Checking cowboy_static
Checking cowboy_stream
Checking cowboy_stream_h
Checking cowboy_sub_protocol
Checking cowboy_sup
Checking cowboy_tls
Checking cowboy_tracer_h
Checking cowboy_websocket
Checking ranch
Checking ranch_acceptor
Checking ranch_acceptors_sup
Checking ranch_app
Checking ranch_conns_sup
Checking ranch_crc32c
Checking ranch_listener_sup
Checking ranch_protocol
Checking ranch_proxy_header
Checking ranch_server
Checking ranch_ssl
Checking ranch_sup
Checking ranch_tcp
Checking ranch_transport
Checking sync
Checking sync_notify
Checking sync_options
Checking sync_scanner
Checking sync_utils
Checking api_v1_get_currencies
Checking currencies
Checking currencies_app
Checking currencies_sup
/home/oleksiika/Work/Privatbank/currencies/src/currencies.erl
Checking cowboy
Checking cowboy_app
Checking cowboy_bstr
Checking cowboy_children
Checking cowboy_clear
Checking cowboy_clock
Checking cowboy_compress_h
Checking cowboy_constraints
Checking cowboy_handler
Checking cowboy_http
Checking cowboy_http2
Checking cowboy_loop
Checking cowboy_metrics_h
Checking cowboy_middleware
Checking cowboy_req
Checking cowboy_rest
Checking cowboy_router
Checking cowboy_static
Checking cowboy_stream
Checking cowboy_stream_h
Checking cowboy_sub_protocol
Checking cowboy_sup
Checking cowboy_tls
Checking cowboy_tracer_h
Checking cowboy_websocket
Checking mimetypes
Checking mimetypes_app
Checking mimetypes_loader
Checking mimetypes_parse
Checking mimetypes_scan
Checking mimetypes_sup
Checking ranch
Checking ranch_acceptor
Checking ranch_acceptors_sup
Checking ranch_app
Checking ranch_conns_sup
Checking ranch_crc32c
Checking ranch_listener_sup
Checking ranch_protocol
Checking ranch_proxy_header
Checking ranch_server
Checking ranch_ssl
Checking ranch_sup
Checking ranch_tcp
Checking ranch_transport
Checking sync
Checking sync_notify
Checking sync_options
Checking sync_scanner
Checking sync_utils
Checking api_v1_get_currencies
Checking currencies
Checking currencies_app
Checking currencies_sup
Checking cow_base64url
Checking cow_cookie
Checking cow_date
Checking cow_hpack
Checking cow_http
Checking cow_http2
Checking cow_http2_machine
Checking cow_http_hd
Checking cow_http_struct_hd
Checking cow_http_te
Checking cow_iolists
Checking cow_link
Checking cow_mimetypes
Checking cow_multipart
Checking cow_qs
Checking cow_spdy
Checking cow_sse
Checking cow_uri
Checking cow_uri_template
Checking cow_ws
Checking cowboy_http
Checking cow_cookie
Checking cow_hpack
Checking cow_http
Checking cow_http_hd
Checking cow_http_struct_hd
Checking cow_http_te
Checking cow_link
Checking cow_multipart
Checking cow_spdy
Checking cow_uri_template
Checking main_worker
/home/oleksiika/Work/Privatbank/currencies/src/main_worker.erl
Checking default
/home/oleksiika/Work/Privatbank/currencies/src/cowboy/default.erl
/home/oleksiika/Work/Privatbank/currencies/src/cowboy/default.erl
/home/oleksiika/Work/Privatbank/currencies/src/main_worker.erl
/home/oleksiika/Work/Privatbank/currencies/src/cowboy/default.erl
Checking cowboy
Checking cowboy_app
Checking cowboy_bstr
Checking cowboy_children
Checking cowboy_clear
Checking cowboy_clock
Checking cowboy_compress_h
Checking cowboy_constraints
Checking cowboy_handler
Checking cowboy_http
Checking cowboy_http2
Checking cowboy_loop
Checking cowboy_metrics_h
Checking cowboy_middleware
Checking cowboy_req
Checking cowboy_rest
Checking cowboy_router
Checking cowboy_static
Checking cowboy_stream
Checking cowboy_stream_h
Checking cowboy_sub_protocol
Checking cowboy_sup
Checking cowboy_tls
Checking cowboy_tracer_h
Checking cowboy_websocket
Checking mimetypes
Checking mimetypes_app
Checking mimetypes_loader
Checking mimetypes_parse
Checking mimetypes_scan
Checking mimetypes_sup
Checking ranch
Checking ranch_acceptor
Checking ranch_acceptors_sup
Checking ranch_app
Checking ranch_conns_sup
Checking ranch_crc32c
Checking ranch_listener_sup
Checking ranch_protocol
Checking ranch_proxy_header
Checking ranch_server
Checking ranch_ssl
Checking ranch_sup
Checking ranch_tcp
Checking ranch_transport
Checking sync
Checking sync_notify
Checking sync_options
Checking sync_scanner
Checking sync_utils
Checking default
Checking api_v1_get_currencies
Checking currencies
Checking currencies_app
Checking currencies_sup
Checking main_worker
/home/oleksiika/Work/Privatbank/currencies/src/main_worker.erl
Checking cowboy
Checking cowboy_app
Checking cowboy_bstr
Checking cowboy_children
Checking cowboy_clear
Checking cowboy_clock
Checking cowboy_compress_h
Checking cowboy_constraints
Checking cowboy_handler
Checking cowboy_http
Checking cowboy_http2
Checking cowboy_loop
Checking cowboy_metrics_h
Checking cowboy_middleware
Checking cowboy_req
Checking cowboy_rest
Checking cowboy_router
Checking cowboy_static
Checking cowboy_stream
Checking cowboy_stream_h
Checking cowboy_sub_protocol
Checking cowboy_sup
Checking cowboy_tls
Checking cowboy_tracer_h
Checking cowboy_websocket
Checking mimetypes
Checking mimetypes_app
Checking mimetypes_loader
Checking mimetypes_parse
Checking mimetypes_scan
Checking mimetypes_sup
Checking ranch
Checking ranch_acceptor
Checking ranch_acceptors_sup
Checking ranch_app
Checking ranch_conns_sup
Checking ranch_crc32c
Checking ranch_listener_sup
Checking ranch_protocol
Checking ranch_proxy_header
Checking ranch_server
Checking ranch_ssl
Checking ranch_sup
Checking ranch_tcp
Checking ranch_transport
Checking sync
Checking sync_notify
Checking sync_options
Checking sync_scanner
Checking sync_utils
Checking default
Checking api_v1_get_currencies
Checking currencies
Checking currencies_app
Checking currencies_sup
Checking main_worker
/home/oleksiika/Work/Privatbank/currencies/src/currencies_sup.erl
/home/oleksiika/Work/Privatbank/currencies/src/currencies_sup.erl
Checking cowboy
Checking cowboy_app
Checking cowboy_bstr
Checking cowboy_children
Checking cowboy_clear
Checking cowboy_clock
Checking cowboy_compress_h
Checking cowboy_constraints
Checking cowboy_handler
Checking cowboy_http
Checking cowboy_http2
Checking cowboy_loop
Checking cowboy_metrics_h
Checking cowboy_middleware
Checking cowboy_req
Checking cowboy_rest
Checking cowboy_router
Checking cowboy_static
Checking cowboy_stream
Checking cowboy_stream_h
Checking cowboy_sub_protocol
Checking cowboy_sup
Checking cowboy_tls
Checking cowboy_tracer_h
Checking cowboy_websocket
Checking mimetypes
Checking mimetypes_app
Checking mimetypes_loader
Checking mimetypes_parse
Checking mimetypes_scan
Checking mimetypes_sup
Checking ranch
Checking ranch_acceptor
Checking ranch_acceptors_sup
Checking ranch_app
Checking ranch_conns_sup
Checking ranch_crc32c
Checking ranch_listener_sup
Checking ranch_protocol
Checking ranch_proxy_header
Checking ranch_server
Checking ranch_ssl
Checking ranch_sup
Checking ranch_tcp
Checking ranch_transport
Checking sync
Checking sync_notify
Checking sync_options
Checking sync_scanner
Checking sync_utils
Checking default
Checking api_v1_get_currencies
Checking currencies
Checking currencies_app
Checking currencies_sup
Checking main_worker
/home/oleksiika/Work/Privatbank/currencies/src/main_worker.erl
Checking cowboy
Checking cowboy_app
Checking cowboy_bstr
Checking cowboy_children
Checking cowboy_clear
Checking cowboy_clock
Checking cowboy_compress_h
Checking cowboy_constraints
Checking cowboy_handler
Checking cowboy_http
Checking cowboy_http2
Checking cowboy_loop
Checking cowboy_metrics_h
Checking cowboy_middleware
Checking cowboy_req
Checking cowboy_rest
Checking cowboy_router
Checking cowboy_static
Checking cowboy_stream
Checking cowboy_stream_h
Checking cowboy_sub_protocol
Checking cowboy_sup
Checking cowboy_tls
Checking cowboy_tracer_h
Checking cowboy_websocket
Checking mimetypes
Checking mimetypes_app
Checking mimetypes_loader
Checking mimetypes_parse
Checking mimetypes_scan
Checking mimetypes_sup
Checking ranch
Checking ranch_acceptor
Checking ranch_acceptors_sup
Checking ranch_app
Checking ranch_conns_sup
Checking ranch_crc32c
Checking ranch_listener_sup
Checking ranch_protocol
Checking ranch_proxy_header
Checking ranch_server
Checking ranch_ssl
Checking ranch_sup
Checking ranch_tcp
Checking ranch_transport
Checking sync
Checking sync_notify
Checking sync_options
Checking sync_scanner
Checking sync_utils
Checking default
Checking api_v1_get_currencies
Checking currencies
Checking currencies_app
Checking currencies_sup
Checking main_worker
/home/oleksiika/Work/Privatbank/currencies/src/main_worker.erl
/home/oleksiika/Work/Privatbank/currencies/src/main_worker.erl
Checking cowboy
Checking cowboy_app
Checking cowboy_bstr
Checking cowboy_children
Checking cowboy_clear
Checking cowboy_clock
Checking cowboy_compress_h
Checking cowboy_constraints
Checking cowboy_handler
Checking cowboy_http
Checking cowboy_http2
Checking cowboy_loop
Checking cowboy_metrics_h
Checking cowboy_middleware
Checking cowboy_req
Checking cowboy_rest
Checking cowboy_router
Checking cowboy_static
Checking cowboy_stream
Checking cowboy_stream_h
Checking cowboy_sub_protocol
Checking cowboy_sup
Checking cowboy_tls
Checking cowboy_tracer_h
Checking cowboy_websocket
Checking mimetypes
Checking mimetypes_app
Checking mimetypes_loader
Checking mimetypes_parse
Checking mimetypes_scan
Checking mimetypes_sup
Checking ranch
Checking ranch_acceptor
Checking ranch_acceptors_sup
Checking ranch_app
Checking ranch_conns_sup
Checking ranch_crc32c
Checking ranch_listener_sup
Checking ranch_protocol
Checking ranch_proxy_header
Checking ranch_server
Checking ranch_ssl
Checking ranch_sup
Checking ranch_tcp
Checking ranch_transport
Checking sync
Checking sync_notify
Checking sync_options
Checking sync_scanner
Checking sync_utils
Checking default
Checking api_v1_get_currencies
Checking currencies
Checking currencies_app
Checking currencies_sup
Checking main_worker
Checking cowboy
Checking cowboy_app
Checking cowboy_bstr
Checking cowboy_children
Checking cowboy_clear
Checking cowboy_clock
Checking cowboy_compress_h
Checking cowboy_constraints
Checking cowboy_handler
Checking cowboy_http
Checking cowboy_http2
Checking cowboy_loop
Checking cowboy_metrics_h
Checking cowboy_middleware
Checking cowboy_req
Checking cowboy_rest
Checking cowboy_router
Checking cowboy_static
Checking cowboy_stream
Checking cowboy_stream_h
Checking cowboy_sub_protocol
Checking cowboy_sup
Checking cowboy_tls
Checking cowboy_tracer_h
Checking cowboy_websocket
Checking mimetypes
Checking mimetypes_app
Checking mimetypes_loader
Checking mimetypes_parse
Checking mimetypes_scan
Checking mimetypes_sup
Checking ranch
Checking ranch_acceptor
Checking ranch_acceptors_sup
Checking ranch_app
Checking ranch_conns_sup
Checking ranch_crc32c
Checking ranch_listener_sup
Checking ranch_protocol
Checking ranch_proxy_header
Checking ranch_server
Checking ranch_ssl
Checking ranch_sup
Checking ranch_tcp
Checking ranch_transport
Checking sync
Checking sync_notify
Checking sync_options
Checking sync_scanner
Checking sync_utils
Checking default
Checking api_v1_get_currencies
Checking currencies
Checking currencies_app
Checking currencies_sup
Checking main_worker
/home/oleksiika/Work/Privatbank/currencies/src/main_worker.erl
/home/oleksiika/Work/Privatbank/currencies/src/main_worker.erl
Checking cowboy
Checking cowboy_app
Checking cowboy_bstr
Checking cowboy_children
Checking cowboy_clear
Checking cowboy_clock
Checking cowboy_compress_h
Checking cowboy_constraints
Checking cowboy_handler
Checking cowboy_http
Checking cowboy_http2
Checking cowboy_loop
Checking cowboy_metrics_h
Checking cowboy_middleware
Checking cowboy_req
Checking cowboy_rest
Checking cowboy_router
Checking cowboy_static
Checking cowboy_stream
Checking cowboy_stream_h
Checking cowboy_sub_protocol
Checking cowboy_sup
Checking cowboy_tls
Checking cowboy_tracer_h
Checking cowboy_websocket
Checking mimetypes
Checking mimetypes_app
Checking mimetypes_loader
Checking mimetypes_parse
Checking mimetypes_scan
Checking mimetypes_sup
Checking ranch
Checking ranch_acceptor
Checking ranch_acceptors_sup
Checking ranch_app
Checking ranch_conns_sup
Checking ranch_crc32c
Checking ranch_listener_sup
Checking ranch_protocol
Checking ranch_proxy_header
Checking ranch_server
Checking ranch_ssl
Checking ranch_sup
Checking ranch_tcp
Checking ranch_transport
Checking sync
Checking sync_notify
Checking sync_options
Checking sync_scanner
Checking sync_utils
Checking default
Checking api_v1_get_currencies
Checking currencies
Checking currencies_app
Checking currencies_sup
Checking main_worker
Checking cowboy
Checking cowboy_app
Checking cowboy_bstr
Checking cowboy_children
Checking cowboy_clear
Checking cowboy_clock
Checking cowboy_compress_h
Checking cowboy_constraints
Checking cowboy_handler
Checking cowboy_http
Checking cowboy_http2
Checking cowboy_loop
Checking cowboy_metrics_h
Checking cowboy_middleware
Checking cowboy_req
Checking cowboy_rest
Checking cowboy_router
Checking cowboy_static
Checking cowboy_stream
Checking cowboy_stream_h
Checking cowboy_sub_protocol
Checking cowboy_sup
Checking cowboy_tls
Checking cowboy_tracer_h
Checking cowboy_websocket
Checking mimetypes
Checking mimetypes_app
Checking mimetypes_loader
Checking mimetypes_parse
Checking mimetypes_scan
Checking mimetypes_sup
Checking ranch
Checking ranch_acceptor
Checking ranch_acceptors_sup
Checking ranch_app
Checking ranch_conns_sup
Checking ranch_crc32c
Checking ranch_listener_sup
Checking ranch_protocol
Checking ranch_proxy_header
Checking ranch_server
Checking ranch_ssl
Checking ranch_sup
Checking ranch_tcp
Checking ranch_transport
Checking sync
Checking sync_notify
Checking sync_options
Checking sync_scanner
Checking sync_utils
Checking default
Checking api_v1_get_currencies
Checking currencies
Checking currencies_app
Checking currencies_sup
Checking main_worker
/home/oleksiika/Work/Privatbank/currencies/src/main_worker.erl
Checking cowboy
Checking cowboy_app
Checking cowboy_bstr
Checking cowboy_children
Checking cowboy_clear
Checking cowboy_clock
Checking cowboy_compress_h
Checking cowboy_constraints
Checking cowboy_handler
Checking cowboy_http
Checking cowboy_http2
Checking cowboy_loop
Checking cowboy_metrics_h
Checking cowboy_middleware
Checking cowboy_req
Checking cowboy_rest
Checking cowboy_router
Checking cowboy_static
Checking cowboy_stream
Checking cowboy_stream_h
Checking cowboy_sub_protocol
Checking cowboy_sup
Checking cowboy_tls
Checking cowboy_tracer_h
Checking cowboy_websocket
Checking mimetypes
Checking mimetypes_app
Checking mimetypes_loader
Checking mimetypes_parse
Checking mimetypes_scan
Checking mimetypes_sup
Checking ranch
Checking ranch_acceptor
Checking ranch_acceptors_sup
Checking ranch_app
Checking ranch_conns_sup
Checking ranch_crc32c
Checking ranch_listener_sup
Checking ranch_protocol
Checking ranch_proxy_header
Checking ranch_server
Checking ranch_ssl
Checking ranch_sup
Checking ranch_tcp
Checking ranch_transport
Checking sync
Checking sync_notify
Checking sync_options
Checking sync_scanner
Checking sync_utils
Checking default
Checking api_v1_get_currencies
Checking currencies
Checking currencies_app
Checking currencies_sup
Checking main_worker
/home/oleksiika/Work/Privatbank/currencies/src/main_worker.erl
/home/oleksiika/Work/Privatbank/currencies/src/main_worker.erl
Checking cowboy
Checking cowboy_app
Checking cowboy_bstr
Checking cowboy_children
Checking cowboy_clear
Checking cowboy_clock
Checking cowboy_compress_h
Checking cowboy_constraints
Checking cowboy_handler
Checking cowboy_http
Checking cowboy_http2
Checking cowboy_loop
Checking cowboy_metrics_h
Checking cowboy_middleware
Checking cowboy_req
Checking cowboy_rest
Checking cowboy_router
Checking cowboy_static
Checking cowboy_stream
Checking cowboy_stream_h
Checking cowboy_sub_protocol
Checking cowboy_sup
Checking cowboy_tls
Checking cowboy_tracer_h
Checking cowboy_websocket
Checking mimetypes
Checking mimetypes_app
Checking mimetypes_loader
Checking mimetypes_parse
Checking mimetypes_scan
Checking mimetypes_sup
Checking ranch
Checking ranch_acceptor
Checking ranch_acceptors_sup
Checking ranch_app
Checking ranch_conns_sup
Checking ranch_crc32c
Checking ranch_listener_sup
Checking ranch_protocol
Checking ranch_proxy_header
Checking ranch_server
Checking ranch_ssl
Checking ranch_sup
Checking ranch_tcp
Checking ranch_transport
Checking sync
Checking sync_notify
Checking sync_options
Checking sync_scanner
Checking sync_utils
Checking default
Checking api_v1_get_currencies
Checking currencies
Checking currencies_app
Checking currencies_sup
Checking main_worker
/home/oleksiika/Work/Privatbank/currencies/src/main_worker.erl
Checking cowboy
Checking cowboy_app
Checking cowboy_bstr
Checking cowboy_children
Checking cowboy_clear
Checking cowboy_clock
Checking cowboy_compress_h
Checking cowboy_constraints
Checking cowboy_handler
Checking cowboy_http
Checking cowboy_http2
Checking cowboy_loop
Checking cowboy_metrics_h
Checking cowboy_middleware
Checking cowboy_req
Checking cowboy_rest
Checking cowboy_router
Checking cowboy_static
Checking cowboy_stream
Checking cowboy_stream_h
Checking cowboy_sub_protocol
Checking cowboy_sup
Checking cowboy_tls
Checking cowboy_tracer_h
Checking cowboy_websocket
Checking mimetypes
Checking mimetypes_app
Checking mimetypes_loader
Checking mimetypes_parse
Checking mimetypes_scan
Checking mimetypes_sup
Checking ranch
Checking ranch_acceptor
Checking ranch_acceptors_sup
Checking ranch_app
Checking ranch_conns_sup
Checking ranch_crc32c
Checking ranch_listener_sup
Checking ranch_protocol
Checking ranch_proxy_header
Checking ranch_server
Checking ranch_ssl
Checking ranch_sup
Checking ranch_tcp
Checking ranch_transport
Checking sync
Checking sync_notify
Checking sync_options
Checking sync_scanner
Checking sync_utils
Checking default
Checking api_v1_get_currencies
Checking currencies
Checking currencies_app
Checking currencies_sup
Checking main_worker
Checking jsx
Checking jsx_config
Checking jsx_consult
Checking jsx_decoder
Checking jsx_encoder
Checking jsx_parser
Checking jsx_to_json
Checking jsx_to_term
Checking jsx_verify
Checking jsx_config
Checking jsx_decoder
Checking jsx_parser
/home/oleksiika/Work/Privatbank/currencies/src/main_worker.erl
Checking cowboy
Checking cowboy_app
Checking cowboy_bstr
Checking cowboy_children
Checking cowboy_clear
Checking cowboy_clock
Checking cowboy_compress_h
Checking cowboy_constraints
Checking cowboy_handler
Checking cowboy_http
Checking cowboy_http2
Checking cowboy_loop
Checking cowboy_metrics_h
Checking cowboy_middleware
Checking cowboy_req
Checking cowboy_rest
Checking cowboy_router
Checking cowboy_static
Checking cowboy_stream
Checking cowboy_stream_h
Checking cowboy_sub_protocol
Checking cowboy_sup
Checking cowboy_tls
Checking cowboy_tracer_h
Checking cowboy_websocket
Checking mimetypes
Checking mimetypes_app
Checking mimetypes_loader
Checking mimetypes_parse
Checking mimetypes_scan
Checking mimetypes_sup
Checking ranch
Checking ranch_acceptor
Checking ranch_acceptors_sup
Checking ranch_app
Checking ranch_conns_sup
Checking ranch_crc32c
Checking ranch_listener_sup
Checking ranch_protocol
Checking ranch_proxy_header
Checking ranch_server
Checking ranch_ssl
Checking ranch_sup
Checking ranch_tcp
Checking ranch_transport
Checking sync
Checking sync_notify
Checking sync_options
Checking sync_scanner
Checking sync_utils
Checking default
Checking api_v1_get_currencies
Checking currencies
Checking currencies_app
Checking currencies_sup
Checking main_worker
Checking jsx
Checking jsx_config
Checking jsx_consult
Checking jsx_decoder
Checking jsx_encoder
Checking jsx_parser
Checking jsx_to_json
Checking jsx_to_term
Checking jsx_verify
Checking jsx_config
Checking jsx_decoder
Checking jsx_parser
/home/oleksiika/Work/Privatbank/currencies/src/main_worker.erl
Checking cowboy
Checking cowboy_app
Checking cowboy_bstr
Checking cowboy_children
Checking cowboy_clear
Checking cowboy_clock
Checking cowboy_compress_h
Checking cowboy_constraints
Checking cowboy_handler
Checking cowboy_http
Checking cowboy_http2
Checking cowboy_loop
Checking cowboy_metrics_h
Checking cowboy_middleware
Checking cowboy_req
Checking cowboy_rest
Checking cowboy_router
Checking cowboy_static
Checking cowboy_stream
Checking cowboy_stream_h
Checking cowboy_sub_protocol
Checking cowboy_sup
Checking cowboy_tls
Checking cowboy_tracer_h
Checking cowboy_websocket
Checking mimetypes
Checking mimetypes_app
Checking mimetypes_loader
Checking mimetypes_parse
Checking mimetypes_scan
Checking mimetypes_sup
Checking ranch
Checking ranch_acceptor
Checking ranch_acceptors_sup
Checking ranch_app
Checking ranch_conns_sup
Checking ranch_crc32c
Checking ranch_listener_sup
Checking ranch_protocol
Checking ranch_proxy_header
Checking ranch_server
Checking ranch_ssl
Checking ranch_sup
Checking ranch_tcp
Checking ranch_transport
Checking sync
Checking sync_notify
Checking sync_options
Checking sync_scanner
Checking sync_utils
Checking default
Checking api_v1_get_currencies
Checking currencies
Checking currencies_app
Checking currencies_sup
Checking main_worker
Checking jsx
Checking jsx_config
Checking jsx_consult
Checking jsx_decoder
Checking jsx_encoder
Checking jsx_parser
Checking jsx_to_json
Checking jsx_to_term
Checking jsx_verify
Checking jsx_config
Checking jsx_decoder
Checking jsx_parser
/home/oleksiika/Work/Privatbank/currencies/src/main_worker.erl
Checking cowboy
Checking cowboy_app
Checking cowboy_bstr
Checking cowboy_children
Checking cowboy_clear
Checking cowboy_clock
Checking cowboy_compress_h
Checking cowboy_constraints
Checking cowboy_handler
Checking cowboy_http
Checking cowboy_http2
Checking cowboy_loop
Checking cowboy_metrics_h
Checking cowboy_middleware
Checking cowboy_req
Checking cowboy_rest
Checking cowboy_router
Checking cowboy_static
Checking cowboy_stream
Checking cowboy_stream_h
Checking cowboy_sub_protocol
Checking cowboy_sup
Checking cowboy_tls
Checking cowboy_tracer_h
Checking cowboy_websocket
Checking mimetypes
Checking mimetypes_app
Checking mimetypes_loader
Checking mimetypes_parse
Checking mimetypes_scan
Checking mimetypes_sup
Checking ranch
Checking ranch_acceptor
Checking ranch_acceptors_sup
Checking ranch_app
Checking ranch_conns_sup
Checking ranch_crc32c
Checking ranch_listener_sup
Checking ranch_protocol
Checking ranch_proxy_header
Checking ranch_server
Checking ranch_ssl
Checking ranch_sup
Checking ranch_tcp
Checking ranch_transport
Checking sync
Checking sync_notify
Checking sync_options
Checking sync_scanner
Checking sync_utils
Checking default
Checking api_v1_get_currencies
Checking currencies
Checking currencies_app
Checking currencies_sup
Checking main_worker
Checking jsx
Checking jsx_config
Checking jsx_consult
Checking jsx_decoder
Checking jsx_encoder
Checking jsx_parser
Checking jsx_to_json
Checking jsx_to_term
Checking jsx_verify
Checking jsx_config
Checking jsx_decoder
Checking jsx_parser
/home/oleksiika/Work/Privatbank/currencies/src/main_worker.erl
Checking cowboy
Checking cowboy_app
Checking cowboy_bstr
Checking cowboy_children
Checking cowboy_clear
Checking cowboy_clock
Checking cowboy_compress_h
Checking cowboy_constraints
Checking cowboy_handler
Checking cowboy_http
Checking cowboy_http2
Checking cowboy_loop
Checking cowboy_metrics_h
Checking cowboy_middleware
Checking cowboy_req
Checking cowboy_rest
Checking cowboy_router
Checking cowboy_static
Checking cowboy_stream
Checking cowboy_stream_h
Checking cowboy_sub_protocol
Checking cowboy_sup
Checking cowboy_tls
Checking cowboy_tracer_h
Checking cowboy_websocket
Checking mimetypes
Checking mimetypes_app
Checking mimetypes_loader
Checking mimetypes_parse
Checking mimetypes_scan
Checking mimetypes_sup
Checking ranch
Checking ranch_acceptor
Checking ranch_acceptors_sup
Checking ranch_app
Checking ranch_conns_sup
Checking ranch_crc32c
Checking ranch_listener_sup
Checking ranch_protocol
Checking ranch_proxy_header
Checking ranch_server
Checking ranch_ssl
Checking ranch_sup
Checking ranch_tcp
Checking ranch_transport
Checking sync
Checking sync_notify
Checking sync_options
Checking sync_scanner
Checking sync_utils
Checking default
Checking api_v1_get_currencies
Checking currencies
Checking currencies_app
Checking currencies_sup
Checking main_worker
Checking jsx
Checking jsx_config
Checking jsx_consult
Checking jsx_decoder
Checking jsx_encoder
Checking jsx_parser
Checking jsx_to_json
Checking jsx_to_term
Checking jsx_verify
Checking jsx_config
Checking jsx_decoder
Checking jsx_parser
/home/oleksiika/Work/Privatbank/currencies/src/main_worker.erl
/home/oleksiika/Work/Privatbank/currencies/src/main_worker.erl
/home/oleksiika/Work/Privatbank/currencies/src/main_worker.erl
Checking cowboy
Checking cowboy_app
Checking cowboy_bstr
Checking cowboy_children
Checking cowboy_clear
Checking cowboy_clock
Checking cowboy_compress_h
Checking cowboy_constraints
Checking cowboy_handler
Checking cowboy_http
Checking cowboy_http2
Checking cowboy_loop
Checking cowboy_metrics_h
Checking cowboy_middleware
Checking cowboy_req
Checking cowboy_rest
Checking cowboy_router
Checking cowboy_static
Checking cowboy_stream
Checking cowboy_stream_h
Checking cowboy_sub_protocol
Checking cowboy_sup
Checking cowboy_tls
Checking cowboy_tracer_h
Checking cowboy_websocket
Checking mimetypes
Checking mimetypes_app
Checking mimetypes_loader
Checking mimetypes_parse
Checking mimetypes_scan
Checking mimetypes_sup
Checking ranch
Checking ranch_acceptor
Checking ranch_acceptors_sup
Checking ranch_app
Checking ranch_conns_sup
Checking ranch_crc32c
Checking ranch_listener_sup
Checking ranch_protocol
Checking ranch_proxy_header
Checking ranch_server
Checking ranch_ssl
Checking ranch_sup
Checking ranch_tcp
Checking ranch_transport
Checking sync
Checking sync_notify
Checking sync_options
Checking sync_scanner
Checking sync_utils
Checking default
Checking api_v1_get_currencies
Checking currencies
Checking currencies_app
Checking currencies_sup
Checking main_worker
Checking jsx
Checking jsx_config
Checking jsx_consult
Checking jsx_decoder
Checking jsx_encoder
Checking jsx_parser
Checking jsx_to_json
Checking jsx_to_term
Checking jsx_verify
Checking jsx_config
Checking jsx_decoder
Checking jsx_parser
/home/oleksiika/Work/Privatbank/currencies/src/main_worker.erl
/home/oleksiika/Work/Privatbank/currencies/src/main_worker.erl
Checking cowboy
Checking cowboy_app
Checking cowboy_bstr
Checking cowboy_children
Checking cowboy_clear
Checking cowboy_clock
Checking cowboy_compress_h
Checking cowboy_constraints
Checking cowboy_handler
Checking cowboy_http
Checking cowboy_http2
Checking cowboy_loop
Checking cowboy_metrics_h
Checking cowboy_middleware
Checking cowboy_req
Checking cowboy_rest
Checking cowboy_router
Checking cowboy_static
Checking cowboy_stream
Checking cowboy_stream_h
Checking cowboy_sub_protocol
Checking cowboy_sup
Checking cowboy_tls
Checking cowboy_tracer_h
Checking cowboy_websocket
Checking mimetypes
Checking mimetypes_app
Checking mimetypes_loader
Checking mimetypes_parse
Checking mimetypes_scan
Checking mimetypes_sup
Checking ranch
Checking ranch_acceptor
Checking ranch_acceptors_sup
Checking ranch_app
Checking ranch_conns_sup
Checking ranch_crc32c
Checking ranch_listener_sup
Checking ranch_protocol
Checking ranch_proxy_header
Checking ranch_server
Checking ranch_ssl
Checking ranch_sup
Checking ranch_tcp
Checking ranch_transport
Checking sync
Checking sync_notify
Checking sync_options
Checking sync_scanner
Checking sync_utils
Checking default
Checking api_v1_get_currencies
Checking currencies
Checking currencies_app
Checking currencies_sup
Checking main_worker
Checking jsx
Checking jsx_config
Checking jsx_consult
Checking jsx_decoder
Checking jsx_encoder
Checking jsx_parser
Checking jsx_to_json
Checking jsx_to_term
Checking jsx_verify
Checking jsx_config
Checking jsx_decoder
Checking jsx_parser
/home/oleksiika/Work/Privatbank/currencies/src/main_worker.erl
/home/oleksiika/Work/Privatbank/currencies/src/main_worker.erl
/home/oleksiika/Work/Privatbank/currencies/src/main_worker.erl
/home/oleksiika/Work/Privatbank/currencies/src/main_worker.erl
/home/oleksiika/Work/Privatbank/currencies/src/main_worker.erl
/home/oleksiika/Work/Privatbank/currencies/src/main_worker.erl
/home/oleksiika/Work/Privatbank/currencies/src/main_worker.erl
/home/oleksiika/Work/Privatbank/currencies/src/main_worker.erl
Checking cowboy
Checking cowboy_app
Checking cowboy_bstr
Checking cowboy_children
Checking cowboy_clear
Checking cowboy_clock
Checking cowboy_compress_h
Checking cowboy_constraints
Checking cowboy_handler
Checking cowboy_http
Checking cowboy_http2
Checking cowboy_loop
Checking cowboy_metrics_h
Checking cowboy_middleware
Checking cowboy_req
Checking cowboy_rest
Checking cowboy_router
Checking cowboy_static
Checking cowboy_stream
Checking cowboy_stream_h
Checking cowboy_sub_protocol
Checking cowboy_sup
Checking cowboy_tls
Checking cowboy_tracer_h
Checking cowboy_websocket
Checking mimetypes
Checking mimetypes_app
Checking mimetypes_loader
Checking mimetypes_parse
Checking mimetypes_scan
Checking mimetypes_sup
Checking ranch
Checking ranch_acceptor
Checking ranch_acceptors_sup
Checking ranch_app
Checking ranch_conns_sup
Checking ranch_crc32c
Checking ranch_listener_sup
Checking ranch_protocol
Checking ranch_proxy_header
Checking ranch_server
Checking ranch_ssl
Checking ranch_sup
Checking ranch_tcp
Checking ranch_transport
Checking sync
Checking sync_notify
Checking sync_options
Checking sync_scanner
Checking sync_utils
Checking default
Checking api_v1_get_currencies
Checking currencies
Checking currencies_app
Checking currencies_sup
Checking main_worker
Checking jsx
Checking jsx_config
Checking jsx_consult
Checking jsx_decoder
Checking jsx_encoder
Checking jsx_parser
Checking jsx_to_json
Checking jsx_to_term
Checking jsx_verify
Checking jsx_config
Checking jsx_decoder
Checking jsx_parser
/home/oleksiika/Work/Privatbank/currencies/src/main_worker.erl
Checking cowboy
Checking cowboy_app
Checking cowboy_bstr
Checking cowboy_children
Checking cowboy_clear
Checking cowboy_clock
Checking cowboy_compress_h
Checking cowboy_constraints
Checking cowboy_handler
Checking cowboy_http
Checking cowboy_http2
Checking cowboy_loop
Checking cowboy_metrics_h
Checking cowboy_middleware
Checking cowboy_req
Checking cowboy_rest
Checking cowboy_router
Checking cowboy_static
Checking cowboy_stream
Checking cowboy_stream_h
Checking cowboy_sub_protocol
Checking cowboy_sup
Checking cowboy_tls
Checking cowboy_tracer_h
Checking cowboy_websocket
Checking mimetypes
Checking mimetypes_app
Checking mimetypes_loader
Checking mimetypes_parse
Checking mimetypes_scan
Checking mimetypes_sup
Checking ranch
Checking ranch_acceptor
Checking ranch_acceptors_sup
Checking ranch_app
Checking ranch_conns_sup
Checking ranch_crc32c
Checking ranch_listener_sup
Checking ranch_protocol
Checking ranch_proxy_header
Checking ranch_server
Checking ranch_ssl
Checking ranch_sup
Checking ranch_tcp
Checking ranch_transport
Checking sync
Checking sync_notify
Checking sync_options
Checking sync_scanner
Checking sync_utils
Checking default
Checking api_v1_get_currencies
Checking currencies
Checking currencies_app
Checking currencies_sup
Checking main_worker
Checking jsx
Checking jsx_config
Checking jsx_consult
Checking jsx_decoder
Checking jsx_encoder
Checking jsx_parser
Checking jsx_to_json
Checking jsx_to_term
Checking jsx_verify
Checking jsx_config
Checking jsx_decoder
Checking jsx_parser
/home/oleksiika/Work/Privatbank/currencies/src/main_worker.erl
Checking cowboy
Checking cowboy_app
Checking cowboy_bstr
Checking cowboy_children
Checking cowboy_clear
Checking cowboy_clock
Checking cowboy_compress_h
Checking cowboy_constraints
Checking cowboy_handler
Checking cowboy_http
Checking cowboy_http2
Checking cowboy_loop
Checking cowboy_metrics_h
Checking cowboy_middleware
Checking cowboy_req
Checking cowboy_rest
Checking cowboy_router
Checking cowboy_static
Checking cowboy_stream
Checking cowboy_stream_h
Checking cowboy_sub_protocol
Checking cowboy_sup
Checking cowboy_tls
Checking cowboy_tracer_h
Checking cowboy_websocket
Checking mimetypes
Checking mimetypes_app
Checking mimetypes_loader
Checking mimetypes_parse
Checking mimetypes_scan
Checking mimetypes_sup
Checking ranch
Checking ranch_acceptor
Checking ranch_acceptors_sup
Checking ranch_app
Checking ranch_conns_sup
Checking ranch_crc32c
Checking ranch_listener_sup
Checking ranch_protocol
Checking ranch_proxy_header
Checking ranch_server
Checking ranch_ssl
Checking ranch_sup
Checking ranch_tcp
Checking ranch_transport
Checking sync
Checking sync_notify
Checking sync_options
Checking sync_scanner
Checking sync_utils
Checking default
Checking api_v1_get_currencies
Checking currencies
Checking currencies_app
Checking currencies_sup
Checking main_worker
Checking jsx
Checking jsx_config
Checking jsx_consult
Checking jsx_decoder
Checking jsx_encoder
Checking jsx_parser
Checking jsx_to_json
Checking jsx_to_term
Checking jsx_verify
Checking jsx_config
Checking jsx_decoder
Checking jsx_parser
/home/oleksiika/Work/Privatbank/currencies/src/main_worker.erl
/home/oleksiika/Work/Privatbank/currencies/src/main_worker.erl
Checking cowboy
Checking cowboy_app
Checking cowboy_bstr
Checking cowboy_children
Checking cowboy_clear
Checking cowboy_clock
Checking cowboy_compress_h
Checking cowboy_constraints
Checking cowboy_handler
Checking cowboy_http
Checking cowboy_http2
Checking cowboy_loop
Checking cowboy_metrics_h
Checking cowboy_middleware
Checking cowboy_req
Checking cowboy_rest
Checking cowboy_router
Checking cowboy_static
Checking cowboy_stream
Checking cowboy_stream_h
Checking cowboy_sub_protocol
Checking cowboy_sup
Checking cowboy_tls
Checking cowboy_tracer_h
Checking cowboy_websocket
Checking mimetypes
Checking mimetypes_app
Checking mimetypes_loader
Checking mimetypes_parse
Checking mimetypes_scan
Checking mimetypes_sup
Checking ranch
Checking ranch_acceptor
Checking ranch_acceptors_sup
Checking ranch_app
Checking ranch_conns_sup
Checking ranch_crc32c
Checking ranch_listener_sup
Checking ranch_protocol
Checking ranch_proxy_header
Checking ranch_server
Checking ranch_ssl
Checking ranch_sup
Checking ranch_tcp
Checking ranch_transport
Checking sync
Checking sync_notify
Checking sync_options
Checking sync_scanner
Checking sync_utils
Checking default
Checking api_v1_get_currencies
Checking currencies
Checking currencies_app
Checking currencies_sup
Checking main_worker
Checking jsx
Checking jsx_config
Checking jsx_consult
Checking jsx_decoder
Checking jsx_encoder
Checking jsx_parser
Checking jsx_to_json
Checking jsx_to_term
Checking jsx_verify
Checking jsx_config
Checking jsx_decoder
Checking jsx_parser
/home/oleksiika/Work/Privatbank/currencies/src/main_worker.erl
/home/oleksiika/Work/Privatbank/currencies/src/main_worker.erl
Checking cowboy
Checking cowboy_app
Checking cowboy_bstr
Checking cowboy_children
Checking cowboy_clear
Checking cowboy_clock
Checking cowboy_compress_h
Checking cowboy_constraints
Checking cowboy_handler
Checking cowboy_http
Checking cowboy_http2
Checking cowboy_loop
Checking cowboy_metrics_h
Checking cowboy_middleware
Checking cowboy_req
Checking cowboy_rest
Checking cowboy_router
Checking cowboy_static
Checking cowboy_stream
Checking cowboy_stream_h
Checking cowboy_sub_protocol
Checking cowboy_sup
Checking cowboy_tls
Checking cowboy_tracer_h
Checking cowboy_websocket
Checking mimetypes
Checking mimetypes_app
Checking mimetypes_loader
Checking mimetypes_parse
Checking mimetypes_scan
Checking mimetypes_sup
Checking ranch
Checking ranch_acceptor
Checking ranch_acceptors_sup
Checking ranch_app
Checking ranch_conns_sup
Checking ranch_crc32c
Checking ranch_listener_sup
Checking ranch_protocol
Checking ranch_proxy_header
Checking ranch_server
Checking ranch_ssl
Checking ranch_sup
Checking ranch_tcp
Checking ranch_transport
Checking sync
Checking sync_notify
Checking sync_options
Checking sync_scanner
Checking sync_utils
Checking default
Checking api_v1_get_currencies
Checking currencies
Checking currencies_app
Checking currencies_sup
Checking main_worker
Checking jsx
Checking jsx_config
Checking jsx_consult
Checking jsx_decoder
Checking jsx_encoder
Checking jsx_parser
Checking jsx_to_json
Checking jsx_to_term
Checking jsx_verify
Checking jsx_config
Checking jsx_decoder
Checking jsx_parser
/home/oleksiika/Work/Privatbank/currencies/src/main_worker.erl
/home/oleksiika/Work/Privatbank/currencies/src/main_worker.erl
/home/oleksiika/Work/Privatbank/currencies/src/main_worker.erl
/home/oleksiika/Work/Privatbank/currencies/src/main_worker.erl
Checking cowboy
Checking cowboy_app
Checking cowboy_bstr
Checking cowboy_children
Checking cowboy_clear
Checking cowboy_clock
Checking cowboy_compress_h
Checking cowboy_constraints
Checking cowboy_handler
Checking cowboy_http
Checking cowboy_http2
Checking cowboy_loop
Checking cowboy_metrics_h
Checking cowboy_middleware
Checking cowboy_req
Checking cowboy_rest
Checking cowboy_router
Checking cowboy_static
Checking cowboy_stream
Checking cowboy_stream_h
Checking cowboy_sub_protocol
Checking cowboy_sup
Checking cowboy_tls
Checking cowboy_tracer_h
Checking cowboy_websocket
Checking mimetypes
Checking mimetypes_app
Checking mimetypes_loader
Checking mimetypes_parse
Checking mimetypes_scan
Checking mimetypes_sup
Checking ranch
Checking ranch_acceptor
Checking ranch_acceptors_sup
Checking ranch_app
Checking ranch_conns_sup
Checking ranch_crc32c
Checking ranch_listener_sup
Checking ranch_protocol
Checking ranch_proxy_header
Checking ranch_server
Checking ranch_ssl
Checking ranch_sup
Checking ranch_tcp
Checking ranch_transport
Checking sync
Checking sync_notify
Checking sync_options
Checking sync_scanner
Checking sync_utils
Checking default
Checking api_v1_get_currencies
Checking currencies
Checking currencies_app
Checking currencies_sup
Checking main_worker
Checking jsx
Checking jsx_config
Checking jsx_consult
Checking jsx_decoder
Checking jsx_encoder
Checking jsx_parser
Checking jsx_to_json
Checking jsx_to_term
Checking jsx_verify
Checking jsx_config
Checking jsx_decoder
Checking jsx_parser
/home/oleksiika/Work/Privatbank/currencies/src/main_worker.erl
/home/oleksiika/Work/Privatbank/currencies/src/main_worker.erl
Checking cowboy
Checking cowboy_app
Checking cowboy_bstr
Checking cowboy_children
Checking cowboy_clear
Checking cowboy_clock
Checking cowboy_compress_h
Checking cowboy_constraints
Checking cowboy_handler
Checking cowboy_http
Checking cowboy_http2
Checking cowboy_loop
Checking cowboy_metrics_h
Checking cowboy_middleware
Checking cowboy_req
Checking cowboy_rest
Checking cowboy_router
Checking cowboy_static
Checking cowboy_stream
Checking cowboy_stream_h
Checking cowboy_sub_protocol
Checking cowboy_sup
Checking cowboy_tls
Checking cowboy_tracer_h
Checking cowboy_websocket
Checking mimetypes
Checking mimetypes_app
Checking mimetypes_loader
Checking mimetypes_parse
Checking mimetypes_scan
Checking mimetypes_sup
Checking ranch
Checking ranch_acceptor
Checking ranch_acceptors_sup
Checking ranch_app
Checking ranch_conns_sup
Checking ranch_crc32c
Checking ranch_listener_sup
Checking ranch_protocol
Checking ranch_proxy_header
Checking ranch_server
Checking ranch_ssl
Checking ranch_sup
Checking ranch_tcp
Checking ranch_transport
Checking sync
Checking sync_notify
Checking sync_options
Checking sync_scanner
Checking sync_utils
Checking default
Checking api_v1_get_currencies
Checking currencies
Checking currencies_app
Checking currencies_sup
Checking main_worker
Checking jsx
Checking jsx_config
Checking jsx_consult
Checking jsx_decoder
Checking jsx_encoder
Checking jsx_parser
Checking jsx_to_json
Checking jsx_to_term
Checking jsx_verify
Checking jsx_config
Checking jsx_decoder
Checking jsx_parser
/home/oleksiika/Work/Privatbank/currencies/src/main_worker.erl
Checking cowboy
Checking cowboy_app
Checking cowboy_bstr
Checking cowboy_children
Checking cowboy_clear
Checking cowboy_clock
Checking cowboy_compress_h
Checking cowboy_constraints
Checking cowboy_handler
Checking cowboy_http
Checking cowboy_http2
Checking cowboy_loop
Checking cowboy_metrics_h
Checking cowboy_middleware
Checking cowboy_req
Checking cowboy_rest
Checking cowboy_router
Checking cowboy_static
Checking cowboy_stream
Checking cowboy_stream_h
Checking cowboy_sub_protocol
Checking cowboy_sup
Checking cowboy_tls
Checking cowboy_tracer_h
Checking cowboy_websocket
Checking mimetypes
Checking mimetypes_app
Checking mimetypes_loader
Checking mimetypes_parse
Checking mimetypes_scan
Checking mimetypes_sup
Checking ranch
Checking ranch_acceptor
Checking ranch_acceptors_sup
Checking ranch_app
Checking ranch_conns_sup
Checking ranch_crc32c
Checking ranch_listener_sup
Checking ranch_protocol
Checking ranch_proxy_header
Checking ranch_server
Checking ranch_ssl
Checking ranch_sup
Checking ranch_tcp
Checking ranch_transport
Checking sync
Checking sync_notify
Checking sync_options
Checking sync_scanner
Checking sync_utils
Checking default
Checking api_v1_get_currencies
Checking currencies
Checking currencies_app
Checking currencies_sup
Checking main_worker
/home/oleksiika/Work/Privatbank/currencies/src/main_worker.erl
Checking jsx
Checking jsx_config
Checking jsx_consult
Checking jsx_decoder
Checking jsx_encoder
Checking jsx_parser
Checking jsx_to_json
Checking jsx_to_term
Checking jsx_verify
Checking jsx_config
Checking jsx_decoder
Checking jsx_parser
Checking cowboy
Checking cowboy_app
Checking cowboy_bstr
Checking cowboy_children
Checking cowboy_clear
Checking cowboy_clock
Checking cowboy_compress_h
Checking cowboy_constraints
Checking cowboy_handler
Checking cowboy_http
Checking cowboy_http2
Checking cowboy_loop
Checking cowboy_metrics_h
Checking cowboy_middleware
Checking cowboy_req
Checking cowboy_rest
Checking cowboy_router
Checking cowboy_static
Checking cowboy_stream
Checking cowboy_stream_h
Checking cowboy_sub_protocol
Checking cowboy_sup
Checking cowboy_tls
Checking cowboy_tracer_h
Checking cowboy_websocket
Checking mimetypes
Checking mimetypes_app
Checking mimetypes_loader
Checking mimetypes_parse
Checking mimetypes_scan
Checking mimetypes_sup
Checking ranch
Checking ranch_acceptor
Checking ranch_acceptors_sup
Checking ranch_app
Checking ranch_conns_sup
Checking ranch_crc32c
Checking ranch_listener_sup
Checking ranch_protocol
Checking ranch_proxy_header
Checking ranch_server
Checking ranch_ssl
Checking ranch_sup
Checking ranch_tcp
Checking ranch_transport
Checking sync
Checking sync_notify
Checking sync_options
Checking sync_scanner
Checking sync_utils
Checking default
Checking api_v1_get_currencies
Checking currencies
Checking currencies_app
Checking currencies_sup
Checking main_worker
Checking jsx
Checking jsx_config
Checking jsx_consult
Checking jsx_decoder
Checking jsx_encoder
Checking jsx_parser
Checking jsx_to_json
Checking jsx_to_term
Checking jsx_verify
Checking jsx_config
Checking jsx_decoder
Checking jsx_parser
/home/oleksiika/Work/Privatbank/currencies/src/main_worker.erl
Checking cowboy
Checking cowboy_app
Checking cowboy_bstr
Checking cowboy_children
Checking cowboy_clear
Checking cowboy_clock
Checking cowboy_compress_h
Checking cowboy_constraints
Checking cowboy_handler
Checking cowboy_http
Checking cowboy_http2
Checking cowboy_loop
Checking cowboy_metrics_h
Checking cowboy_middleware
Checking cowboy_req
Checking cowboy_rest
Checking cowboy_router
Checking cowboy_static
Checking cowboy_stream
Checking cowboy_stream_h
Checking cowboy_sub_protocol
Checking cowboy_sup
Checking cowboy_tls
Checking cowboy_tracer_h
Checking cowboy_websocket
Checking mimetypes
Checking mimetypes_app
Checking mimetypes_loader
Checking mimetypes_parse
Checking mimetypes_scan
Checking mimetypes_sup
Checking ranch
Checking ranch_acceptor
Checking ranch_acceptors_sup
Checking ranch_app
Checking ranch_conns_sup
Checking ranch_crc32c
Checking ranch_listener_sup
Checking ranch_protocol
Checking ranch_proxy_header
Checking ranch_server
Checking ranch_ssl
Checking ranch_sup
Checking ranch_tcp
Checking ranch_transport
Checking sync
Checking sync_notify
Checking sync_options
Checking sync_scanner
Checking sync_utils
Checking default
Checking api_v1_get_currencies
Checking currencies
Checking currencies_app
Checking currencies_sup
Checking main_worker
Checking jsx
Checking jsx_config
Checking jsx_consult
Checking jsx_decoder
Checking jsx_encoder
Checking jsx_parser
Checking jsx_to_json
Checking jsx_to_term
Checking jsx_verify
Checking jsx_config
Checking jsx_decoder
Checking jsx_parser
/home/oleksiika/Work/Privatbank/currencies/src/main_worker.erl
/home/oleksiika/Work/Privatbank/currencies/src/main_worker.erl
/home/oleksiika/Work/Privatbank/currencies/src/main_worker.erl
/home/oleksiika/Work/Privatbank/currencies/src/main_worker.erl
/home/oleksiika/Work/Privatbank/currencies/src/main_worker.erl
Checking cowboy
Checking cowboy_app
Checking cowboy_bstr
Checking cowboy_children
Checking cowboy_clear
Checking cowboy_clock
Checking cowboy_compress_h
Checking cowboy_constraints
Checking cowboy_handler
Checking cowboy_http
Checking cowboy_http2
Checking cowboy_loop
Checking cowboy_metrics_h
Checking cowboy_middleware
Checking cowboy_req
Checking cowboy_rest
Checking cowboy_router
Checking cowboy_static
Checking cowboy_stream
Checking cowboy_stream_h
Checking cowboy_sub_protocol
Checking cowboy_sup
Checking cowboy_tls
Checking cowboy_tracer_h
Checking cowboy_websocket
Checking mimetypes
Checking mimetypes_app
Checking mimetypes_loader
Checking mimetypes_parse
Checking mimetypes_scan
Checking mimetypes_sup
Checking ranch
Checking ranch_acceptor
Checking ranch_acceptors_sup
Checking ranch_app
Checking ranch_conns_sup
Checking ranch_crc32c
Checking ranch_listener_sup
Checking ranch_protocol
Checking ranch_proxy_header
Checking ranch_server
Checking ranch_ssl
Checking ranch_sup
Checking ranch_tcp
Checking ranch_transport
Checking sync
Checking sync_notify
Checking sync_options
Checking sync_scanner
Checking sync_utils
Checking default
Checking api_v1_get_currencies
Checking currencies
Checking currencies_app
Checking currencies_sup
Checking main_worker
Checking main_worker
Checking jsx
Checking jsx_config
Checking jsx_consult
Checking jsx_decoder
Checking jsx_encoder
Checking jsx_parser
Checking jsx_to_json
Checking jsx_to_term
Checking jsx_verify
Checking jsx_config
Checking jsx_decoder
Checking jsx_parser
/home/oleksiika/Work/Privatbank/currencies/src/cowboy/v1/api_v1_get_currencies.erl
/home/oleksiika/Work/Privatbank/currencies/src/main_worker.erl
Checking cow_base64url
Checking cow_cookie
Checking cow_date
Checking cow_hpack
Checking cow_http
Checking cow_http2
Checking cow_http2_machine
Checking cow_http_hd
Checking cow_http_struct_hd
Checking cow_http_te
Checking cow_iolists
Checking cow_link
Checking cow_mimetypes
Checking cow_multipart
Checking cow_qs
Checking cow_spdy
Checking cow_sse
Checking cow_uri
Checking cow_uri_template
Checking cow_ws
Checking cowboy_http
Checking cow_cookie
Checking cow_hpack
Checking cow_http
Checking cow_http_hd
Checking cow_http_struct_hd
Checking cow_http_te
Checking cow_link
Checking cow_multipart
Checking cow_spdy
Checking cow_uri_template
/home/oleksiika/Work/Privatbank/currencies/src/cowboy/v1/api_v1_get_currencies.erl
/home/oleksiika/Work/Privatbank/currencies/src/cowboy/v1/api_v1_get_currencies.erl
/home/oleksiika/Work/Privatbank/currencies/src/cowboy/v1/api_v1_get_currencies.erl
/home/oleksiika/Work/Privatbank/currencies/src/cowboy/v1/api_v1_get_currencies.erl
/home/oleksiika/Work/Privatbank/currencies/src/cowboy/v1/api_v1_get_currencies.erl
/home/oleksiika/Work/Privatbank/currencies/src/cowboy/v1/api_v1_get_currencies.erl
/home/oleksiika/Work/Privatbank/currencies/src/cowboy/v1/api_v1_get_currencies.erl
/home/oleksiika/Work/Privatbank/currencies/src/cowboy/v1/api_v1_get_currencies.erl
/home/oleksiika/Work/Privatbank/currencies/src/cowboy/v1/api_v1_get_currencies.erl
/home/oleksiika/Work/Privatbank/currencies/src/cowboy/v1/api_v1_get_currencies.erl
/home/oleksiika/Work/Privatbank/currencies/src/cowboy/v1/api_v1_get_currencies.erl
/home/oleksiika/Work/Privatbank/currencies/src/cowboy/v1/api_v1_get_currencies.erl
/home/oleksiika/Work/Privatbank/currencies/src/cowboy/v1/api_v1_get_currencies.erl
/home/oleksiika/Work/Privatbank/currencies/src/cowboy/v1/api_v1_get_currencies.erl
/home/oleksiika/Work/Privatbank/currencies/src/cowboy/v1/api_v1_get_currencies.erl
/home/oleksiika/Work/Privatbank/currencies/src/cowboy/v1/api_v1_get_currencies.erl
/home/oleksiika/Work/Privatbank/currencies/src/cowboy/v1/api_v1_get_currencies.erl
/home/oleksiika/Work/Privatbank/currencies/src/cowboy/v1/api_v1_get_currencies.erl
/home/oleksiika/Work/Privatbank/currencies/src/cowboy/v1/api_v1_get_currencies.erl
/home/oleksiika/Work/Privatbank/currencies/src/cowboy/v1/api_v1_get_currencies.erl
/home/oleksiika/Work/Privatbank/currencies/src/cowboy/v1/api_v1_get_currencies.erl
/home/oleksiika/Work/Privatbank/currencies/src/cowboy/v1/api_v1_get_currencies.erl
/home/oleksiika/Work/Privatbank/currencies/src/cowboy/v1/api_v1_get_currencies.erl
/home/oleksiika/Work/Privatbank/currencies/src/cowboy/v1/api_v1_get_currencies.erl
/home/oleksiika/Work/Privatbank/currencies/src/cowboy/v1/api_v1_get_currencies.erl
/home/oleksiika/Work/Privatbank/currencies/src/cowboy/v1/api_v1_get_currencies.erl
/home/oleksiika/Work/Privatbank/currencies/src/cowboy/v1/api_v1_get_currencies.erl
/home/oleksiika/Work/Privatbank/currencies/src/cowboy/v1/api_v1_get_currencies.erl
/home/oleksiika/Work/Privatbank/currencies/src/cowboy/v1/api_v1_get_currencies.erl
/home/oleksiika/Work/Privatbank/currencies/src/cowboy/v1/api_v1_get_currencies.erl
/home/oleksiika/Work/Privatbank/currencies/src/cowboy/v1/api_v1_get_currencies.erl
/home/oleksiika/Work/Privatbank/currencies/src/cowboy/v1/api_v1_get_currencies.erl
/home/oleksiika/Work/Privatbank/currencies/src/cowboy/v1/api_v1_get_currencies.erl
/home/oleksiika/Work/Privatbank/currencies/src/cowboy/v1/api_v1_get_currencies.erl
/home/oleksiika/Work/Privatbank/currencies/src/cowboy/v1/api_v1_get_currencies.erl
/home/oleksiika/Work/Privatbank/currencies/src/cowboy/v1/api_v1_get_currencies.erl
/home/oleksiika/Work/Privatbank/currencies/src/cowboy/v1/api_v1_get_currencies.erl
/home/oleksiika/Work/Privatbank/currencies/src/cowboy/v1/api_v1_get_currencies.erl
/home/oleksiika/Work/Privatbank/currencies/src/cowboy/v1/api_v1_get_currencies.erl
